<?xml version="1.0" encoding="UTF-8"?>
<testsuite xmlns:xsi="http://www.w3.org/2001/XMLSchema-instance" xsi:noNamespaceSchemaLocation="https://maven.apache.org/surefire/maven-surefire-plugin/xsd/surefire-test-report.xsd" name="com.orangehrm.cucumber.CukeTest" time="153.151" tests="28" errors="2" skipped="0" failures="0">
  <properties>
[...]
</properties>
  <testcase name="Given I am on Home page" classname="Scenario: User should login successfully with valid credentials" time="0.003"/>
  <testcase name="When I enter username &quot;Admin&quot;" classname="Scenario: User should login successfully with valid credentials" time="0"/>
  <testcase name="And I enter password &quot;admin123&quot;" classname="Scenario: User should login successfully with valid credentials" time="0"/>
  <testcase name="And I click on login button" classname="Scenario: User should login successfully with valid credentials" time="0"/>
  <testcase name="Then I should login successfully" classname="Scenario: User should login successfully with valid credentials" time="0"/>
  <testcase name="Scenario: User should login successfully with valid credentials" classname="Scenario: User should login successfully with valid credentials" time="0.901"/>
  <testcase name="Given I am on Home page" classname="Scenario: User should not login successfully with in valid credentials" time="0"/>
  <testcase name="When I enter username &quot;Admin&quot;" classname="Scenario: User should not login successfully with in valid credentials" time="0"/>
  <testcase name="And I enter password &quot;admin1236789&quot;" classname="Scenario: User should not login successfully with in valid credentials" time="0"/>
  <testcase name="And I click on login button" classname="Scenario: User should not login successfully with in valid credentials" time="0"/>
  <testcase name="Then I should not login successfully" classname="Scenario: User should not login successfully with in valid credentials" time="0"/>
  <testcase name="Scenario: User should not login successfully with in valid credentials" classname="Scenario: User should not login successfully with in valid credentials" time="0.836"/>
  <testcase name="Given I am on Home page" classname="Scenario: User should fail the test credentials" time="0"/>
  <testcase name="When I enter username &quot;Admin&quot;" classname="Scenario: User should fail the test credentials" time="0"/>
  <testcase name="And I enter password &quot;admin123&quot;" classname="Scenario: User should fail the test credentials" time="0"/>
  <testcase name="And I click on login button" classname="Scenario: User should fail the test credentials" time="0"/>
  <testcase name="Then I should not login successfully" classname="Scenario: User should fail the test credentials" time="0.021">
    <error message="no such element: Unable to locate element: {&quot;method&quot;:&quot;css selector&quot;,&quot;selector&quot;:&quot;#spanMessage&quot;}&#10;  (Session info: chrome=81.0.4044.122)&#10;For documentation on this error, please visit: https://www.seleniumhq.org/exceptions/no_such_element.html&#10;Build info: version: &apos;3.141.59&apos;, revision: &apos;e82be7d358&apos;, time: &apos;2018-11-14T08:17:03&apos;&#10;System info: host: &apos;LAPTOP-7HUNRUID&apos;, ip: &apos;192.168.0.8&apos;, os.name: &apos;Windows 10&apos;, os.arch: &apos;amd64&apos;, os.version: &apos;10.0&apos;, java.version: &apos;1.8.0_121&apos;&#10;Driver info: org.openqa.selenium.chrome.ChromeDriver&#10;Capabilities {acceptInsecureCerts: false, browserName: chrome, browserVersion: 81.0.4044.122, chrome: {chromedriverVersion: 80.0.3987.106 (f68069574609..., userDataDir: C:\Users\srini\AppData\Loca...}, goog:chromeOptions: {debuggerAddress: localhost:61387}, javascriptEnabled: true, networkConnectionEnabled: false, pageLoadStrategy: normal, platform: WINDOWS, platformName: WINDOWS, proxy: Proxy(), setWindowRect: true, strictFileInteractability: false, timeouts: {implicit: 0, pageLoad: 300000, script: 30000}, unhandledPromptBehavior: dismiss and notify}&#10;Session ID: 39588d6dd559bc5c18486796c6e3e811&#10;*** Element info: {Using=id, value=spanMessage}" type="org.openqa.selenium.NoSuchElementException">org.openqa.selenium.NoSuchElementException: 
no such element: Unable to locate element: {"method":"css selector","selector":"#spanMessage"}
  (Session info: chrome=81.0.4044.122)
For documentation on this error, please visit: https://www.seleniumhq.org/exceptions/no_such_element.html
Build info: version: '3.141.59', revision: 'e82be7d358', time: '2018-11-14T08:17:03'
System info: host: 'LAPTOP-7HUNRUID', ip: '192.168.0.8', os.name: 'Windows 10', os.arch: 'amd64', os.version: '10.0', java.version: '1.8.0_121'
Driver info: org.openqa.selenium.chrome.ChromeDriver
Capabilities {acceptInsecureCerts: false, browserName: chrome, browserVersion: 81.0.4044.122, chrome: {chromedriverVersion: 80.0.3987.106 (f68069574609..., userDataDir: C:\Users\srini\AppData\Loca...}, goog:chromeOptions: {debuggerAddress: localhost:61387}, javascriptEnabled: true, networkConnectionEnabled: false, pageLoadStrategy: normal, platform: WINDOWS, platformName: WINDOWS, proxy: Proxy(), setWindowRect: true, strictFileInteractability: false, timeouts: {implicit: 0, pageLoad: 300000, script: 30000}, unhandledPromptBehavior: dismiss and notify}
Session ID: 39588d6dd559bc5c18486796c6e3e811
*** Element info: {Using=id, value=spanMessage}
</error>
    <system-out><![CDATA[2020-04-26 15:04:909 INFO  HomePage :62 - Displaying Login Error Message : Proxy element for: DefaultElementLocator 'By.id: spanMessage'
]]></system-out>
  </testcase>
  <testcase name="Scenario: User should fail the test credentials" classname="Scenario: User should fail the test credentials" time="0.022">
    <error message="no such element: Unable to locate element: {&quot;method&quot;:&quot;css selector&quot;,&quot;selector&quot;:&quot;#spanMessage&quot;}&#10;  (Session info: chrome=81.0.4044.122)&#10;For documentation on this error, please visit: https://www.seleniumhq.org/exceptions/no_such_element.html&#10;Build info: version: &apos;3.141.59&apos;, revision: &apos;e82be7d358&apos;, time: &apos;2018-11-14T08:17:03&apos;&#10;System info: host: &apos;LAPTOP-7HUNRUID&apos;, ip: &apos;192.168.0.8&apos;, os.name: &apos;Windows 10&apos;, os.arch: &apos;amd64&apos;, os.version: &apos;10.0&apos;, java.version: &apos;1.8.0_121&apos;&#10;Driver info: org.openqa.selenium.chrome.ChromeDriver&#10;Capabilities {acceptInsecureCerts: false, browserName: chrome, browserVersion: 81.0.4044.122, chrome: {chromedriverVersion: 80.0.3987.106 (f68069574609..., userDataDir: C:\Users\srini\AppData\Loca...}, goog:chromeOptions: {debuggerAddress: localhost:61387}, javascriptEnabled: true, networkConnectionEnabled: false, pageLoadStrategy: normal, platform: WINDOWS, platformName: WINDOWS, proxy: Proxy(), setWindowRect: true, strictFileInteractability: false, timeouts: {implicit: 0, pageLoad: 300000, script: 30000}, unhandledPromptBehavior: dismiss and notify}&#10;Session ID: 39588d6dd559bc5c18486796c6e3e811&#10;*** Element info: {Using=id, value=spanMessage}" type="org.openqa.selenium.NoSuchElementException">org.openqa.selenium.NoSuchElementException: 
no such element: Unable to locate element: {"method":"css selector","selector":"#spanMessage"}
  (Session info: chrome=81.0.4044.122)
For documentation on this error, please visit: https://www.seleniumhq.org/exceptions/no_such_element.html
Build info: version: '3.141.59', revision: 'e82be7d358', time: '2018-11-14T08:17:03'
System info: host: 'LAPTOP-7HUNRUID', ip: '192.168.0.8', os.name: 'Windows 10', os.arch: 'amd64', os.version: '10.0', java.version: '1.8.0_121'
Driver info: org.openqa.selenium.chrome.ChromeDriver
Capabilities {acceptInsecureCerts: false, browserName: chrome, browserVersion: 81.0.4044.122, chrome: {chromedriverVersion: 80.0.3987.106 (f68069574609..., userDataDir: C:\Users\srini\AppData\Loca...}, goog:chromeOptions: {debuggerAddress: localhost:61387}, javascriptEnabled: true, networkConnectionEnabled: false, pageLoadStrategy: normal, platform: WINDOWS, platformName: WINDOWS, proxy: Proxy(), setWindowRect: true, strictFileInteractability: false, timeouts: {implicit: 0, pageLoad: 300000, script: 30000}, unhandledPromptBehavior: dismiss and notify}
Session ID: 39588d6dd559bc5c18486796c6e3e811
*** Element info: {Using=id, value=spanMessage}
</error>
  </testcase>
  <testcase name="Given I am on Welcome Admin Page" classname="Scenario: User should be able to view valid Employee Records" time="0"/>
  <testcase name="When I select Employee Name &quot; Fiona Grace&quot;" classname="Scenario: User should be able to view valid Employee Records" time="0"/>
  <testcase name="And I click on search button" classname="Scenario: User should be able to view valid Employee Records" time="0"/>
  <testcase name="Then I am able to see the Name in the results" classname="Scenario: User should be able to view valid Employee Records" time="0"/>
  <testcase name="Scenario: User should be able to view valid Employee Records" classname="Scenario: User should be able to view valid Employee Records" time="0.844"/>
  <testcase name="Given I am on Welcome Admin Page" classname="Scenario: User should not be able to view Invalid Employee Records" time="0"/>
  <testcase name="When I select Employee Name &quot; Govind Maharaj Prabhudeva&quot;" classname="Scenario: User should not be able to view Invalid Employee Records" time="0"/>
  <testcase name="And I click on search button" classname="Scenario: User should not be able to view Invalid Employee Records" time="0"/>
  <testcase name="Then I get No Records Message in the results" classname="Scenario: User should not be able to view Invalid Employee Records" time="0"/>
  <testcase name="Scenario: User should not be able to view Invalid Employee Records" classname="Scenario: User should not be able to view Invalid Employee Records" time="1.144"/>
</testsuite>